<?xml version="1.0" encoding="UTF-8"?>
<testng-results skipped="0" failed="0" total="1" passed="1">
  <reporter-output>
  </reporter-output>
  <suite name="test suite" duration-ms="4895" started-at="2012-04-05T09:30:53Z" finished-at="2012-04-05T09:30:58Z">
    <groups>
    </groups>
    <test name="Tests" duration-ms="4895" started-at="2012-04-05T09:30:53Z" finished-at="2012-04-05T09:30:58Z">
      <class name="selenium.GoogleTest">
        <test-method status="PASS" signature="checkWebpage()" name="checkWebpage" duration-ms="3687" started-at="2012-04-05T09:30:53Z" finished-at="2012-04-05T09:30:56Z">
        </test-method>
        <test-method status="PASS" signature="shutdown()" name="shutdown" is-config="true" duration-ms="1203" started-at="2012-04-05T09:30:56Z" finished-at="2012-04-05T09:30:58Z">
        </test-method>
      </class>
      <class name="play.modules.selenium.custom.TestSuite">
        <test-method status="PASS" signature="startPlay()" name="startPlay" is-config="true" duration-ms="9" started-at="2012-04-05T09:30:53Z" finished-at="2012-04-05T09:30:53Z">
        </test-method>
      </class>
    </test>
  </suite>
</testng-results>
